Clustering
cifar10_1.h5
cifar10_1
0.0443468588892 0.022570101200502124 0.166633333333
Epoch: 1, batch: 1/60, loss: 5.961938, loss1: 0.517121, loss2: 0.790727, nb1: 0.003882
Epoch: 1, batch: 11/60, loss: 4.583857, loss1: 0.414961, loss2: 0.434251, nb1: 0.003736
Epoch: 1, batch: 21/60, loss: 4.504010, loss1: 0.406746, loss2: 0.436549, nb1: 0.005264
Epoch: 1, batch: 31/60, loss: 4.073766, loss1: 0.364352, loss2: 0.430242, nb1: 0.006518
Epoch: 1, batch: 41/60, loss: 3.682498, loss1: 0.327744, loss2: 0.405059, nb1: 0.008836
Epoch: 1, batch: 51/60, loss: 3.354414, loss1: 0.300579, loss2: 0.348628, nb1: 0.008418
0.194665987704 0.12448667123247209 0.3105
Epoch: 2, batch: 1/60, loss: 3.112681, loss1: 0.270387, loss2: 0.408814, nb1: 0.010504
Epoch: 2, batch: 11/60, loss: 2.720796, loss1: 0.243718, loss2: 0.283612, nb1: 0.014526
Epoch: 2, batch: 21/60, loss: 3.130948, loss1: 0.276806, loss2: 0.362891, nb1: 0.010362
Epoch: 2, batch: 31/60, loss: 3.797144, loss1: 0.338008, loss2: 0.417065, nb1: 0.013780
Epoch: 2, batch: 41/60, loss: 3.396392, loss1: 0.302104, loss2: 0.375352, nb1: 0.011948
Epoch: 2, batch: 51/60, loss: 3.480983, loss1: 0.310824, loss2: 0.372748, nb1: 0.011356
0.254618355848 0.16448802573156363 0.35815
Epoch: 3, batch: 1/60, loss: 3.023212, loss1: 0.268408, loss2: 0.339134, nb1: 0.016754
Epoch: 3, batch: 11/60, loss: 3.789381, loss1: 0.339702, loss2: 0.392364, nb1: 0.017332
Epoch: 3, batch: 21/60, loss: 3.132160, loss1: 0.275481, loss2: 0.377350, nb1: 0.016732
Epoch: 3, batch: 31/60, loss: 3.073180, loss1: 0.270921, loss2: 0.363969, nb1: 0.019630
Epoch: 3, batch: 41/60, loss: 3.584059, loss1: 0.320940, loss2: 0.374657, nb1: 0.018322
Epoch: 3, batch: 51/60, loss: 3.091534, loss1: 0.273315, loss2: 0.358381, nb1: 0.018240
0.264582335374 0.1702451675631766 0.35335
Epoch: 4, batch: 1/60, loss: 3.094296, loss1: 0.275256, loss2: 0.341740, nb1: 0.024134
Epoch: 4, batch: 11/60, loss: 2.918046, loss1: 0.263381, loss2: 0.284240, nb1: 0.019708
Epoch: 4, batch: 21/60, loss: 2.363918, loss1: 0.211763, loss2: 0.246284, nb1: 0.021864
Epoch: 4, batch: 31/60, loss: 3.352762, loss1: 0.297349, loss2: 0.379268, nb1: 0.021560
Epoch: 4, batch: 41/60, loss: 3.011344, loss1: 0.264788, loss2: 0.363468, nb1: 0.021474
Epoch: 4, batch: 51/60, loss: 3.643002, loss1: 0.321811, loss2: 0.424893, nb1: 0.022404
0.283968854059 0.18757715284394 0.36795
Epoch: 5, batch: 1/60, loss: 2.953701, loss1: 0.260819, loss2: 0.345511, nb1: 0.027020
Epoch: 5, batch: 11/60, loss: 2.794582, loss1: 0.246700, loss2: 0.327584, nb1: 0.030922
Epoch: 5, batch: 21/60, loss: 2.545549, loss1: 0.224735, loss2: 0.298203, nb1: 0.029200
Epoch: 5, batch: 31/60, loss: 3.358776, loss1: 0.300067, loss2: 0.358109, nb1: 0.028088
Epoch: 5, batch: 41/60, loss: 2.694693, loss1: 0.238184, loss2: 0.312852, nb1: 0.031308
Epoch: 5, batch: 51/60, loss: 2.854500, loss1: 0.258297, loss2: 0.271527, nb1: 0.031312
0.305459022487 0.21402309995795218 0.401033333333
Epoch: 6, batch: 1/60, loss: 3.124573, loss1: 0.278665, loss2: 0.337923, nb1: 0.030920
Epoch: 6, batch: 11/60, loss: 3.128254, loss1: 0.278918, loss2: 0.339077, nb1: 0.031846
Epoch: 6, batch: 21/60, loss: 2.537316, loss1: 0.226241, loss2: 0.274906, nb1: 0.029204
Epoch: 6, batch: 31/60, loss: 2.796886, loss1: 0.248416, loss2: 0.312722, nb1: 0.028746
Epoch: 6, batch: 41/60, loss: 3.035425, loss1: 0.269617, loss2: 0.339260, nb1: 0.030950
Epoch: 6, batch: 51/60, loss: 3.222630, loss1: 0.288436, loss2: 0.338268, nb1: 0.031846
0.321208154099 0.2238089623734498 0.41855
Epoch: 7, batch: 1/60, loss: 2.900723, loss1: 0.254717, loss2: 0.353554, nb1: 0.034162
Epoch: 7, batch: 11/60, loss: 2.852588, loss1: 0.256273, loss2: 0.289860, nb1: 0.033400
Epoch: 7, batch: 21/60, loss: 2.211284, loss1: 0.193902, loss2: 0.272262, nb1: 0.033020
Epoch: 7, batch: 31/60, loss: 2.975965, loss1: 0.264812, loss2: 0.327849, nb1: 0.033188
Epoch: 7, batch: 41/60, loss: 2.764768, loss1: 0.250474, loss2: 0.260024, nb1: 0.034268
Epoch: 7, batch: 51/60, loss: 3.071931, loss1: 0.275851, loss2: 0.313419, nb1: 0.036726
0.337433410891 0.2416085648357357 0.433266666667
Epoch: 8, batch: 1/60, loss: 2.612199, loss1: 0.230173, loss2: 0.310470, nb1: 0.038400
Epoch: 8, batch: 11/60, loss: 2.726110, loss1: 0.245933, loss2: 0.266782, nb1: 0.032984
Epoch: 8, batch: 21/60, loss: 2.773892, loss1: 0.242700, loss2: 0.346894, nb1: 0.036920
Epoch: 8, batch: 31/60, loss: 2.400870, loss1: 0.209834, loss2: 0.302530, nb1: 0.035978
Epoch: 8, batch: 41/60, loss: 2.569616, loss1: 0.231802, loss2: 0.251596, nb1: 0.036572
Epoch: 8, batch: 51/60, loss: 2.875345, loss1: 0.255793, loss2: 0.317419, nb1: 0.037692
0.336389826152 0.24223519485980244 0.434933333333
Epoch: 9, batch: 1/60, loss: 2.585526, loss1: 0.228220, loss2: 0.303325, nb1: 0.038384
Epoch: 9, batch: 11/60, loss: 2.888675, loss1: 0.256308, loss2: 0.325598, nb1: 0.040622
Epoch: 9, batch: 21/60, loss: 2.955024, loss1: 0.258925, loss2: 0.365776, nb1: 0.035574
Epoch: 9, batch: 31/60, loss: 2.638155, loss1: 0.238526, loss2: 0.252895, nb1: 0.040936
Epoch: 9, batch: 41/60, loss: 1.867221, loss1: 0.168424, loss2: 0.182983, nb1: 0.041586
Epoch: 9, batch: 51/60, loss: 2.744783, loss1: 0.247264, loss2: 0.272143, nb1: 0.041428
0.35647384101 0.2514566871649443 0.45205
Epoch: 10, batch: 1/60, loss: 2.892210, loss1: 0.261900, loss2: 0.273206, nb1: 0.040358
Epoch: 10, batch: 11/60, loss: 2.548731, loss1: 0.226396, loss2: 0.284771, nb1: 0.043702
Epoch: 10, batch: 21/60, loss: 2.907412, loss1: 0.257336, loss2: 0.334051, nb1: 0.045046
Epoch: 10, batch: 31/60, loss: 3.403359, loss1: 0.304975, loss2: 0.353612, nb1: 0.045198
Epoch: 10, batch: 41/60, loss: 2.945279, loss1: 0.267365, loss2: 0.271625, nb1: 0.047314
Epoch: 10, batch: 51/60, loss: 2.809235, loss1: 0.249234, loss2: 0.316899, nb1: 0.044078
0.357376896054 0.2455714385495929 0.441766666667
Epoch: 11, batch: 1/60, loss: 3.002960, loss1: 0.275587, loss2: 0.247091, nb1: 0.049388
Epoch: 11, batch: 11/60, loss: 3.509871, loss1: 0.315635, loss2: 0.353518, nb1: 0.047646
Epoch: 11, batch: 21/60, loss: 3.150765, loss1: 0.277537, loss2: 0.375399, nb1: 0.047464
Epoch: 11, batch: 31/60, loss: 3.484518, loss1: 0.315315, loss2: 0.331370, nb1: 0.043472
Epoch: 11, batch: 41/60, loss: 2.840356, loss1: 0.254249, loss2: 0.297868, nb1: 0.045772
Epoch: 11, batch: 51/60, loss: 2.156620, loss1: 0.197113, loss2: 0.185491, nb1: 0.049564
0.365538456392 0.25733382602782284 0.443
Epoch: 12, batch: 1/60, loss: 2.587497, loss1: 0.231278, loss2: 0.274720, nb1: 0.051154
Epoch: 12, batch: 11/60, loss: 1.849521, loss1: 0.167492, loss2: 0.174602, nb1: 0.049392
Epoch: 12, batch: 21/60, loss: 2.800445, loss1: 0.254355, loss2: 0.256891, nb1: 0.046992
Epoch: 12, batch: 31/60, loss: 2.525068, loss1: 0.228325, loss2: 0.241821, nb1: 0.047110
Epoch: 12, batch: 41/60, loss: 2.570308, loss1: 0.229913, loss2: 0.271177, nb1: 0.053876
Epoch: 12, batch: 51/60, loss: 2.963806, loss1: 0.264879, loss2: 0.315021, nb1: 0.055424
0.358044967766 0.24998552862339615 0.42975
Epoch: 13, batch: 1/60, loss: 2.015275, loss1: 0.181225, loss2: 0.203025, nb1: 0.054548
Epoch: 13, batch: 11/60, loss: 2.691230, loss1: 0.243498, loss2: 0.256251, nb1: 0.049630
Epoch: 13, batch: 21/60, loss: 2.619142, loss1: 0.236250, loss2: 0.256644, nb1: 0.049386
Epoch: 13, batch: 31/60, loss: 2.905416, loss1: 0.260774, loss2: 0.297675, nb1: 0.046344
Epoch: 13, batch: 41/60, loss: 2.367936, loss1: 0.216574, loss2: 0.202193, nb1: 0.050482
Epoch: 13, batch: 51/60, loss: 2.325961, loss1: 0.211793, loss2: 0.208028, nb1: 0.051314
0.360575845241 0.25520951392784463 0.43415
Epoch: 14, batch: 1/60, loss: 3.089481, loss1: 0.281916, loss2: 0.270321, nb1: 0.055372
Epoch: 14, batch: 11/60, loss: 2.976014, loss1: 0.267191, loss2: 0.304101, nb1: 0.051138
Epoch: 14, batch: 21/60, loss: 1.957406, loss1: 0.177250, loss2: 0.184908, nb1: 0.053684
Epoch: 14, batch: 31/60, loss: 2.777476, loss1: 0.246718, loss2: 0.310296, nb1: 0.053952
Epoch: 14, batch: 41/60, loss: 2.711204, loss1: 0.247170, loss2: 0.239507, nb1: 0.053478
Epoch: 14, batch: 51/60, loss: 2.608431, loss1: 0.228672, loss2: 0.321708, nb1: 0.054762
0.361423223022 0.25603667219434023 0.439583333333
Epoch: 15, batch: 1/60, loss: 2.622409, loss1: 0.237992, loss2: 0.242492, nb1: 0.055982
Epoch: 15, batch: 11/60, loss: 3.165448, loss1: 0.284475, loss2: 0.320695, nb1: 0.057114
Epoch: 15, batch: 21/60, loss: 2.423027, loss1: 0.218794, loss2: 0.235090, nb1: 0.059094
Epoch: 15, batch: 31/60, loss: 2.381435, loss1: 0.213531, loss2: 0.246124, nb1: 0.055872
Epoch: 15, batch: 41/60, loss: 2.287875, loss1: 0.210903, loss2: 0.178848, nb1: 0.063644
Epoch: 15, batch: 51/60, loss: 2.515776, loss1: 0.225519, loss2: 0.260586, nb1: 0.057254
0.368397705066 0.2598249284247445 0.4359
Epoch: 16, batch: 1/60, loss: 2.166591, loss1: 0.197127, loss2: 0.195326, nb1: 0.061004
Epoch: 16, batch: 11/60, loss: 2.786485, loss1: 0.247793, loss2: 0.308553, nb1: 0.062676
Epoch: 16, batch: 21/60, loss: 2.146211, loss1: 0.195207, loss2: 0.194137, nb1: 0.061886
Epoch: 16, batch: 31/60, loss: 2.773959, loss1: 0.248999, loss2: 0.283965, nb1: 0.063180
Epoch: 16, batch: 41/60, loss: 2.282178, loss1: 0.197135, loss2: 0.310826, nb1: 0.059690
Epoch: 16, batch: 51/60, loss: 2.593092, loss1: 0.231693, loss2: 0.276165, nb1: 0.059602
0.369178301669 0.2636350032138949 0.427683333333
Epoch: 17, batch: 1/60, loss: 2.609634, loss1: 0.235749, loss2: 0.252141, nb1: 0.059062
Epoch: 17, batch: 11/60, loss: 2.437260, loss1: 0.220201, loss2: 0.235254, nb1: 0.060424
Epoch: 17, batch: 21/60, loss: 2.784053, loss1: 0.250078, loss2: 0.283270, nb1: 0.061464
Epoch: 17, batch: 31/60, loss: 2.783689, loss1: 0.253808, loss2: 0.245608, nb1: 0.069136
Epoch: 17, batch: 41/60, loss: 2.098934, loss1: 0.187176, loss2: 0.227174, nb1: 0.058340
Epoch: 17, batch: 51/60, loss: 2.766171, loss1: 0.246696, loss2: 0.299215, nb1: 0.060916
0.366667501053 0.2620623276209286 0.4272
Epoch: 18, batch: 1/60, loss: 2.698775, loss1: 0.249441, loss2: 0.204369, nb1: 0.062820
Epoch: 18, batch: 11/60, loss: 2.397156, loss1: 0.214125, loss2: 0.255910, nb1: 0.067326
Epoch: 18, batch: 21/60, loss: 2.824319, loss1: 0.253596, loss2: 0.288360, nb1: 0.068066
Epoch: 18, batch: 31/60, loss: 2.897777, loss1: 0.261956, loss2: 0.278216, nb1: 0.061730
Epoch: 18, batch: 41/60, loss: 3.373849, loss1: 0.308006, loss2: 0.293787, nb1: 0.066368
Epoch: 18, batch: 51/60, loss: 2.050074, loss1: 0.182070, loss2: 0.229377, nb1: 0.065632
0.372473906212 0.26312526324581964 0.430516666667
Epoch: 19, batch: 1/60, loss: 3.582336, loss1: 0.326322, loss2: 0.319116, nb1: 0.062946
Epoch: 19, batch: 11/60, loss: 2.311756, loss1: 0.201302, loss2: 0.298741, nb1: 0.068904
Epoch: 19, batch: 21/60, loss: 2.001881, loss1: 0.182083, loss2: 0.181047, nb1: 0.071306
Epoch: 19, batch: 31/60, loss: 2.827164, loss1: 0.251659, loss2: 0.310576, nb1: 0.064784
Epoch: 19, batch: 41/60, loss: 2.599785, loss1: 0.229011, loss2: 0.309677, nb1: 0.069286
Epoch: 19, batch: 51/60, loss: 3.035251, loss1: 0.269049, loss2: 0.344763, nb1: 0.067548
0.376263888677 0.2657892417211381 0.432316666667
Epoch: 20, batch: 1/60, loss: 2.155280, loss1: 0.190992, loss2: 0.245360, nb1: 0.067666
Epoch: 20, batch: 11/60, loss: 2.685550, loss1: 0.246402, loss2: 0.221531, nb1: 0.064978
Epoch: 20, batch: 21/60, loss: 2.350133, loss1: 0.212378, loss2: 0.226349, nb1: 0.071362
Epoch: 20, batch: 31/60, loss: 2.827441, loss1: 0.257076, loss2: 0.256677, nb1: 0.068994
Epoch: 20, batch: 41/60, loss: 2.861746, loss1: 0.251960, loss2: 0.342148, nb1: 0.071578
Epoch: 20, batch: 51/60, loss: 2.605293, loss1: 0.234057, loss2: 0.264720, nb1: 0.075538
0.38099812653 0.2766813581269967 0.441283333333
Epoch: 21, batch: 1/60, loss: 3.031294, loss1: 0.270290, loss2: 0.328392, nb1: 0.072950
Epoch: 21, batch: 11/60, loss: 1.539176, loss1: 0.139584, loss2: 0.143341, nb1: 0.076380
Epoch: 21, batch: 21/60, loss: 2.363024, loss1: 0.204487, loss2: 0.318155, nb1: 0.072174
Epoch: 21, batch: 31/60, loss: 1.946237, loss1: 0.176800, loss2: 0.178235, nb1: 0.076966
Epoch: 21, batch: 41/60, loss: 2.752081, loss1: 0.246959, loss2: 0.282491, nb1: 0.075596
Epoch: 21, batch: 51/60, loss: 2.706538, loss1: 0.246713, loss2: 0.239407, nb1: 0.076388
0.391896968035 0.28351880546911357 0.438816666667
Epoch: 22, batch: 1/60, loss: 1.962465, loss1: 0.176036, loss2: 0.202103, nb1: 0.077076
Epoch: 22, batch: 11/60, loss: 2.156455, loss1: 0.194309, loss2: 0.213362, nb1: 0.076928
Epoch: 22, batch: 21/60, loss: 2.274295, loss1: 0.207394, loss2: 0.200351, nb1: 0.080846
Epoch: 22, batch: 31/60, loss: 2.849131, loss1: 0.248367, loss2: 0.365459, nb1: 0.077950
Epoch: 22, batch: 41/60, loss: 2.514907, loss1: 0.222299, loss2: 0.291920, nb1: 0.080346
Epoch: 22, batch: 51/60, loss: 2.431590, loss1: 0.217689, loss2: 0.254702, nb1: 0.077146
0.38236610408 0.2769502005829468 0.432183333333
Epoch: 23, batch: 1/60, loss: 1.885194, loss1: 0.165445, loss2: 0.230743, nb1: 0.080312
Epoch: 23, batch: 11/60, loss: 1.882615, loss1: 0.167395, loss2: 0.208669, nb1: 0.081012
Epoch: 23, batch: 21/60, loss: 2.727602, loss1: 0.248463, loss2: 0.242968, nb1: 0.086090
Epoch: 23, batch: 31/60, loss: 2.070982, loss1: 0.180716, loss2: 0.263826, nb1: 0.081122
Epoch: 23, batch: 41/60, loss: 1.711194, loss1: 0.153684, loss2: 0.174351, nb1: 0.085922
Epoch: 23, batch: 51/60, loss: 2.126077, loss1: 0.190421, loss2: 0.221869, nb1: 0.080940
0.387820732743 0.2780675928177164 0.433966666667
Epoch: 24, batch: 1/60, loss: 2.075336, loss1: 0.181679, loss2: 0.258541, nb1: 0.084170
Epoch: 24, batch: 11/60, loss: 2.152068, loss1: 0.197426, loss2: 0.177810, nb1: 0.084890
Epoch: 24, batch: 21/60, loss: 1.384455, loss1: 0.128316, loss2: 0.101299, nb1: 0.085558
Epoch: 24, batch: 31/60, loss: 1.968630, loss1: 0.175899, loss2: 0.209640, nb1: 0.086054
Epoch: 24, batch: 41/60, loss: 2.229558, loss1: 0.195913, loss2: 0.270432, nb1: 0.080022
Epoch: 24, batch: 51/60, loss: 1.669496, loss1: 0.151864, loss2: 0.150852, nb1: 0.087544
0.398634479525 0.29161521735674695 0.43605
Epoch: 25, batch: 1/60, loss: 2.175201, loss1: 0.187930, loss2: 0.295905, nb1: 0.088176
Epoch: 25, batch: 11/60, loss: 2.248166, loss1: 0.199538, loss2: 0.252790, nb1: 0.093586
Epoch: 25, batch: 21/60, loss: 2.413517, loss1: 0.212708, loss2: 0.286440, nb1: 0.091930
Epoch: 25, batch: 31/60, loss: 2.129699, loss1: 0.186070, loss2: 0.268995, nb1: 0.092156
Epoch: 25, batch: 41/60, loss: 1.404635, loss1: 0.125022, loss2: 0.154417, nb1: 0.091606
Epoch: 25, batch: 51/60, loss: 1.745972, loss1: 0.155193, loss2: 0.194040, nb1: 0.090460
0.399061782436 0.29494345053290244 0.448283333333
Epoch: 26, batch: 1/60, loss: 2.317312, loss1: 0.203852, loss2: 0.278790, nb1: 0.090370
Epoch: 26, batch: 11/60, loss: 2.373451, loss1: 0.208829, loss2: 0.285164, nb1: 0.091448
Epoch: 26, batch: 21/60, loss: 1.976025, loss1: 0.176065, loss2: 0.215374, nb1: 0.088830
Epoch: 26, batch: 31/60, loss: 2.411454, loss1: 0.213148, loss2: 0.279978, nb1: 0.091484
Epoch: 26, batch: 41/60, loss: 2.241112, loss1: 0.199021, loss2: 0.250903, nb1: 0.096542
Epoch: 26, batch: 51/60, loss: 2.241293, loss1: 0.198652, loss2: 0.254771, nb1: 0.093528
0.400273356246 0.29389501455213013 0.455516666667
Epoch: 27, batch: 1/60, loss: 2.091045, loss1: 0.182001, loss2: 0.271039, nb1: 0.094170
Epoch: 27, batch: 11/60, loss: 2.049258, loss1: 0.184956, loss2: 0.199703, nb1: 0.091642
Epoch: 27, batch: 21/60, loss: 2.356602, loss1: 0.211100, loss2: 0.245602, nb1: 0.092440
Epoch: 27, batch: 31/60, loss: 2.445882, loss1: 0.220843, loss2: 0.237457, nb1: 0.086868
Epoch: 27, batch: 41/60, loss: 2.223879, loss1: 0.196684, loss2: 0.257041, nb1: 0.098686
Epoch: 27, batch: 51/60, loss: 2.184696, loss1: 0.191251, loss2: 0.272183, nb1: 0.086514
0.405619956928 0.3001759906023684 0.455483333333
Epoch: 28, batch: 1/60, loss: 2.381168, loss1: 0.215301, loss2: 0.228155, nb1: 0.098988
Epoch: 28, batch: 11/60, loss: 2.427549, loss1: 0.215880, loss2: 0.268752, nb1: 0.095234
Epoch: 28, batch: 21/60, loss: 2.302002, loss1: 0.206552, loss2: 0.236483, nb1: 0.096220
Epoch: 28, batch: 31/60, loss: 1.525646, loss1: 0.132836, loss2: 0.197287, nb1: 0.105058
Epoch: 28, batch: 41/60, loss: 2.761408, loss1: 0.249735, loss2: 0.264060, nb1: 0.095670
Epoch: 28, batch: 51/60, loss: 2.157323, loss1: 0.195176, loss2: 0.205561, nb1: 0.093478
0.41616602426 0.3124499721554331 0.468733333333
Epoch: 29, batch: 1/60, loss: 1.948879, loss1: 0.170938, loss2: 0.239502, nb1: 0.101794
Epoch: 29, batch: 11/60, loss: 2.590675, loss1: 0.230786, loss2: 0.282815, nb1: 0.096416
Epoch: 29, batch: 21/60, loss: 1.642777, loss1: 0.147417, loss2: 0.168611, nb1: 0.100786
Epoch: 29, batch: 31/60, loss: 1.822830, loss1: 0.160113, loss2: 0.221700, nb1: 0.091068
Epoch: 29, batch: 41/60, loss: 1.972831, loss1: 0.171594, loss2: 0.256892, nb1: 0.102954
Epoch: 29, batch: 51/60, loss: 2.647963, loss1: 0.231902, loss2: 0.328944, nb1: 0.099736
0.405895502551 0.2948716801456648 0.443516666667
Epoch: 30, batch: 1/60, loss: 1.596643, loss1: 0.142597, loss2: 0.170675, nb1: 0.098912
Epoch: 30, batch: 11/60, loss: 2.618429, loss1: 0.228884, loss2: 0.329590, nb1: 0.101216
Epoch: 30, batch: 21/60, loss: 2.421846, loss1: 0.212452, loss2: 0.297328, nb1: 0.095000
Epoch: 30, batch: 31/60, loss: 2.168984, loss1: 0.192673, loss2: 0.242249, nb1: 0.108092
Epoch: 30, batch: 41/60, loss: 1.986561, loss1: 0.180531, loss2: 0.181252, nb1: 0.100700
Epoch: 30, batch: 51/60, loss: 1.594094, loss1: 0.141743, loss2: 0.176659, nb1: 0.102844
0.417964382457 0.30843748069359284 0.465933333333
Epoch: 31, batch: 1/60, loss: 2.469257, loss1: 0.221139, loss2: 0.257862, nb1: 0.102262
Epoch: 31, batch: 11/60, loss: 1.938191, loss1: 0.171835, loss2: 0.219846, nb1: 0.103886
Epoch: 31, batch: 21/60, loss: 1.924956, loss1: 0.173042, loss2: 0.194540, nb1: 0.099260
Epoch: 31, batch: 31/60, loss: 2.332697, loss1: 0.204063, loss2: 0.292067, nb1: 0.106146
Epoch: 31, batch: 41/60, loss: 1.835730, loss1: 0.163000, loss2: 0.205729, nb1: 0.102172
Epoch: 31, batch: 51/60, loss: 1.943854, loss1: 0.175793, loss2: 0.185920, nb1: 0.100640
0.421834892913 0.3160650092540966 0.474966666667
Epoch: 32, batch: 1/60, loss: 2.207333, loss1: 0.200478, loss2: 0.202553, nb1: 0.101746
Epoch: 32, batch: 11/60, loss: 1.782045, loss1: 0.160682, loss2: 0.175229, nb1: 0.099608
Epoch: 32, batch: 21/60, loss: 2.118232, loss1: 0.189547, loss2: 0.222766, nb1: 0.101818
Epoch: 32, batch: 31/60, loss: 1.523282, loss1: 0.143100, loss2: 0.092280, nb1: 0.103688
Epoch: 32, batch: 41/60, loss: 1.954977, loss1: 0.179425, loss2: 0.160730, nb1: 0.108640
Epoch: 32, batch: 51/60, loss: 1.771179, loss1: 0.161440, loss2: 0.156780, nb1: 0.099854
0.417526221352 0.30428154207967556 0.4606
Epoch: 33, batch: 1/60, loss: 2.085294, loss1: 0.182461, loss2: 0.260686, nb1: 0.109810
Epoch: 33, batch: 11/60, loss: 1.462017, loss1: 0.130684, loss2: 0.155177, nb1: 0.107674
Epoch: 33, batch: 21/60, loss: 1.605906, loss1: 0.142105, loss2: 0.184853, nb1: 0.106518
Epoch: 33, batch: 31/60, loss: 2.368253, loss1: 0.212767, loss2: 0.240579, nb1: 0.105918
Epoch: 33, batch: 41/60, loss: 3.046699, loss1: 0.275846, loss2: 0.288242, nb1: 0.104272
Epoch: 33, batch: 51/60, loss: 1.807447, loss1: 0.166786, loss2: 0.139590, nb1: 0.105270
0.423566374398 0.3090632123264126 0.4608
Epoch: 34, batch: 1/60, loss: 1.884162, loss1: 0.169766, loss2: 0.186501, nb1: 0.109420
Epoch: 34, batch: 11/60, loss: 2.062883, loss1: 0.186958, loss2: 0.193301, nb1: 0.112854
Epoch: 34, batch: 21/60, loss: 1.600994, loss1: 0.143557, loss2: 0.165429, nb1: 0.110398
Epoch: 34, batch: 31/60, loss: 2.759986, loss1: 0.237795, loss2: 0.382031, nb1: 0.105694
Epoch: 34, batch: 41/60, loss: 1.875945, loss1: 0.167999, loss2: 0.195955, nb1: 0.107318
Epoch: 34, batch: 51/60, loss: 1.690934, loss1: 0.142473, loss2: 0.266202, nb1: 0.105370
0.420282360755 0.3073875301054799 0.457616666667
Epoch: 35, batch: 1/60, loss: 1.494336, loss1: 0.137566, loss2: 0.118673, nb1: 0.112160
Epoch: 35, batch: 11/60, loss: 2.143881, loss1: 0.186028, loss2: 0.283596, nb1: 0.110242
Epoch: 35, batch: 21/60, loss: 2.160558, loss1: 0.197341, loss2: 0.187152, nb1: 0.109588
Epoch: 35, batch: 31/60, loss: 1.611949, loss1: 0.141926, loss2: 0.192691, nb1: 0.109812
Epoch: 35, batch: 41/60, loss: 1.983458, loss1: 0.175318, loss2: 0.230278, nb1: 0.108844
Epoch: 35, batch: 51/60, loss: 1.704794, loss1: 0.157464, loss2: 0.130154, nb1: 0.106884
0.423397635907 0.31462849682060756 0.4698
Epoch: 36, batch: 1/60, loss: 1.780558, loss1: 0.159111, loss2: 0.189449, nb1: 0.108232
Epoch: 36, batch: 11/60, loss: 2.276504, loss1: 0.198082, loss2: 0.295680, nb1: 0.112644
Epoch: 36, batch: 21/60, loss: 2.000020, loss1: 0.179043, loss2: 0.209585, nb1: 0.113634
Epoch: 36, batch: 31/60, loss: 1.960756, loss1: 0.173490, loss2: 0.225853, nb1: 0.112408
Epoch: 36, batch: 41/60, loss: 2.056978, loss1: 0.181539, loss2: 0.241585, nb1: 0.112882
Epoch: 36, batch: 51/60, loss: 1.647116, loss1: 0.148116, loss2: 0.165959, nb1: 0.107054
0.422030438669 0.3118563796477732 0.46705
Epoch: 37, batch: 1/60, loss: 2.092222, loss1: 0.185722, loss2: 0.235007, nb1: 0.110382
Epoch: 37, batch: 11/60, loss: 1.123545, loss1: 0.106072, loss2: 0.062822, nb1: 0.114606
Epoch: 37, batch: 21/60, loss: 2.125676, loss1: 0.188729, loss2: 0.238386, nb1: 0.117878
Epoch: 37, batch: 31/60, loss: 1.652738, loss1: 0.147788, loss2: 0.174853, nb1: 0.120174
Epoch: 37, batch: 41/60, loss: 2.396533, loss1: 0.210434, loss2: 0.292194, nb1: 0.113822
Epoch: 37, batch: 51/60, loss: 2.006258, loss1: 0.175357, loss2: 0.252689, nb1: 0.122356
0.427833121764 0.3171171025766671 0.464916666667
Epoch: 38, batch: 1/60, loss: 1.912866, loss1: 0.171974, loss2: 0.193129, nb1: 0.116796
Epoch: 38, batch: 11/60, loss: 1.950961, loss1: 0.178920, loss2: 0.161758, nb1: 0.116674
Epoch: 38, batch: 21/60, loss: 1.672165, loss1: 0.143347, loss2: 0.238698, nb1: 0.127422
Epoch: 38, batch: 31/60, loss: 2.228903, loss1: 0.196730, loss2: 0.261605, nb1: 0.126158
Epoch: 38, batch: 41/60, loss: 2.062296, loss1: 0.184771, loss2: 0.214590, nb1: 0.113190
Epoch: 38, batch: 51/60, loss: 1.913650, loss1: 0.168110, loss2: 0.232551, nb1: 0.118172
0.430509543557 0.31557791544540026 0.468983333333
Epoch: 39, batch: 1/60, loss: 1.905639, loss1: 0.176261, loss2: 0.143026, nb1: 0.118432
Epoch: 39, batch: 11/60, loss: 2.244013, loss1: 0.195090, loss2: 0.293109, nb1: 0.117320
Epoch: 39, batch: 21/60, loss: 1.530480, loss1: 0.136371, loss2: 0.166768, nb1: 0.120232
Epoch: 39, batch: 31/60, loss: 1.697861, loss1: 0.151975, loss2: 0.178115, nb1: 0.124488
Epoch: 39, batch: 41/60, loss: 2.404233, loss1: 0.217111, loss2: 0.233123, nb1: 0.125190
Epoch: 39, batch: 51/60, loss: 1.915578, loss1: 0.161065, loss2: 0.304928, nb1: 0.124630
0.4284665724 0.3095416939114351 0.466616666667
Epoch: 40, batch: 1/60, loss: 2.312279, loss1: 0.211637, loss2: 0.195910, nb1: 0.128140
Epoch: 40, batch: 11/60, loss: 2.013246, loss1: 0.178972, loss2: 0.223526, nb1: 0.120718
Epoch: 40, batch: 21/60, loss: 1.866031, loss1: 0.161653, loss2: 0.249498, nb1: 0.119111
Epoch: 40, batch: 31/60, loss: 1.684974, loss1: 0.157522, loss2: 0.109755, nb1: 0.124040
Epoch: 40, batch: 41/60, loss: 1.701066, loss1: 0.148067, loss2: 0.220397, nb1: 0.124740
Epoch: 40, batch: 51/60, loss: 1.304309, loss1: 0.117756, loss2: 0.126746, nb1: 0.121706
0.43042694946 0.3104347815679798 0.474016666667
Epoch: 41, batch: 1/60, loss: 2.042706, loss1: 0.182586, loss2: 0.216848, nb1: 0.127766
Epoch: 41, batch: 11/60, loss: 1.432623, loss1: 0.126729, loss2: 0.165332, nb1: 0.125330
Epoch: 41, batch: 21/60, loss: 2.401239, loss1: 0.212683, loss2: 0.274406, nb1: 0.123258
Epoch: 41, batch: 31/60, loss: 2.134359, loss1: 0.187526, loss2: 0.259103, nb1: 0.132368
Epoch: 41, batch: 41/60, loss: 2.240034, loss1: 0.207820, loss2: 0.161830, nb1: 0.130736
Epoch: 41, batch: 51/60, loss: 1.279091, loss1: 0.112525, loss2: 0.153844, nb1: 0.129120
0.430440573325 0.3143977422563435 0.464716666667
Epoch: 42, batch: 1/60, loss: 1.357473, loss1: 0.114582, loss2: 0.211657, nb1: 0.133056
Epoch: 42, batch: 11/60, loss: 1.769225, loss1: 0.158472, loss2: 0.184506, nb1: 0.134572
Epoch: 42, batch: 21/60, loss: 1.401598, loss1: 0.125007, loss2: 0.151533, nb1: 0.131856
Epoch: 42, batch: 31/60, loss: 1.804660, loss1: 0.160506, loss2: 0.199602, nb1: 0.134312
Epoch: 42, batch: 41/60, loss: 1.627964, loss1: 0.143931, loss2: 0.188658, nb1: 0.127118
Epoch: 42, batch: 51/60, loss: 1.807680, loss1: 0.159253, loss2: 0.215146, nb1: 0.130840
0.444082406273 0.31928201095466224 0.478233333333
Epoch: 43, batch: 1/60, loss: 1.122428, loss1: 0.100400, loss2: 0.118426, nb1: 0.145546
Epoch: 43, batch: 11/60, loss: 1.756726, loss1: 0.153171, loss2: 0.225013, nb1: 0.132480
Epoch: 43, batch: 21/60, loss: 1.407731, loss1: 0.127390, loss2: 0.133835, nb1: 0.134204
Epoch: 43, batch: 31/60, loss: 1.365781, loss1: 0.121208, loss2: 0.153698, nb1: 0.130268
Epoch: 43, batch: 41/60, loss: 1.421227, loss1: 0.123680, loss2: 0.184428, nb1: 0.132676
Epoch: 43, batch: 51/60, loss: 1.885632, loss1: 0.164940, loss2: 0.236234, nb1: 0.138996
0.440615605752 0.312709614247555 0.472883333333
Epoch: 44, batch: 1/60, loss: 1.888068, loss1: 0.161139, loss2: 0.276675, nb1: 0.137544
Epoch: 44, batch: 11/60, loss: 1.767434, loss1: 0.156599, loss2: 0.201444, nb1: 0.128952
Epoch: 44, batch: 21/60, loss: 1.724748, loss1: 0.152293, loss2: 0.201823, nb1: 0.142188
Epoch: 44, batch: 31/60, loss: 1.719906, loss1: 0.146714, loss2: 0.252761, nb1: 0.136038
Epoch: 44, batch: 41/60, loss: 1.634134, loss1: 0.142137, loss2: 0.212763, nb1: 0.138066
Epoch: 44, batch: 51/60, loss: 1.844977, loss1: 0.166991, loss2: 0.175065, nb1: 0.136184
0.439841101829 0.32037688184965984 0.475383333333
Epoch: 45, batch: 1/60, loss: 1.374850, loss1: 0.122117, loss2: 0.153685, nb1: 0.136872
Epoch: 45, batch: 11/60, loss: 1.842691, loss1: 0.164281, loss2: 0.199883, nb1: 0.134824
Epoch: 45, batch: 21/60, loss: 2.031939, loss1: 0.182500, loss2: 0.206938, nb1: 0.141494
Epoch: 45, batch: 31/60, loss: 1.437564, loss1: 0.125022, loss2: 0.187342, nb1: 0.135280
Epoch: 45, batch: 41/60, loss: 1.404311, loss1: 0.120685, loss2: 0.197462, nb1: 0.138034
Epoch: 45, batch: 51/60, loss: 1.654740, loss1: 0.145911, loss2: 0.195628, nb1: 0.146088
0.438030467119 0.3074623123081311 0.465566666667
Epoch: 46, batch: 1/60, loss: 1.752392, loss1: 0.151059, loss2: 0.241807, nb1: 0.141506
Epoch: 46, batch: 11/60, loss: 1.594436, loss1: 0.138229, loss2: 0.212143, nb1: 0.140958
Epoch: 46, batch: 21/60, loss: 2.408573, loss1: 0.216459, loss2: 0.243985, nb1: 0.138428
Epoch: 46, batch: 31/60, loss: 1.865594, loss1: 0.165059, loss2: 0.215006, nb1: 0.133680
Epoch: 46, batch: 41/60, loss: 1.971179, loss1: 0.165895, loss2: 0.312226, nb1: 0.134500
Epoch: 46, batch: 51/60, loss: 2.067082, loss1: 0.175352, loss2: 0.313566, nb1: 0.141684
0.441794638854 0.31890159146147357 0.469683333333
Epoch: 47, batch: 1/60, loss: 1.415912, loss1: 0.117751, loss2: 0.238402, nb1: 0.133446
Epoch: 47, batch: 11/60, loss: 1.907966, loss1: 0.160785, loss2: 0.300113, nb1: 0.133460
Epoch: 47, batch: 21/60, loss: 2.338567, loss1: 0.205828, loss2: 0.280283, nb1: 0.141262
Epoch: 47, batch: 31/60, loss: 1.886994, loss1: 0.171139, loss2: 0.175599, nb1: 0.139038
Epoch: 47, batch: 41/60, loss: 1.445604, loss1: 0.131578, loss2: 0.129828, nb1: 0.148410
Epoch: 47, batch: 51/60, loss: 1.928661, loss1: 0.166644, loss2: 0.262225, nb1: 0.145214
0.44149555655 0.3147331092277316 0.4705
Epoch: 48, batch: 1/60, loss: 1.370487, loss1: 0.117001, loss2: 0.200479, nb1: 0.141480
Epoch: 48, batch: 11/60, loss: 1.698182, loss1: 0.152418, loss2: 0.174003, nb1: 0.145560
Epoch: 48, batch: 21/60, loss: 1.655446, loss1: 0.146750, loss2: 0.187950, nb1: 0.137390
Epoch: 48, batch: 31/60, loss: 1.650569, loss1: 0.149107, loss2: 0.159500, nb1: 0.144486
Epoch: 48, batch: 41/60, loss: 1.323585, loss1: 0.118678, loss2: 0.136810, nb1: 0.139904
Epoch: 48, batch: 51/60, loss: 1.600109, loss1: 0.141292, loss2: 0.187192, nb1: 0.147818
0.440718052919 0.3119569646645544 0.467066666667
Epoch: 49, batch: 1/60, loss: 1.726219, loss1: 0.154745, loss2: 0.178769, nb1: 0.151712
Epoch: 49, batch: 11/60, loss: 1.391605, loss1: 0.122895, loss2: 0.162655, nb1: 0.142840
Epoch: 49, batch: 21/60, loss: 1.351184, loss1: 0.122444, loss2: 0.126740, nb1: 0.140156
Epoch: 49, batch: 31/60, loss: 1.675185, loss1: 0.146669, loss2: 0.208492, nb1: 0.152370
Epoch: 49, batch: 41/60, loss: 1.421592, loss1: 0.124502, loss2: 0.176571, nb1: 0.143818
Epoch: 49, batch: 51/60, loss: 2.010770, loss1: 0.172642, loss2: 0.284346, nb1: 0.145850
0.440764536404 0.3184771829257189 0.469583333333
Epoch: 50, batch: 1/60, loss: 1.524746, loss1: 0.130317, loss2: 0.221580, nb1: 0.145970
Epoch: 50, batch: 11/60, loss: 1.694236, loss1: 0.148056, loss2: 0.213674, nb1: 0.148480
Epoch: 50, batch: 21/60, loss: 1.596230, loss1: 0.140665, loss2: 0.189584, nb1: 0.147756
Epoch: 50, batch: 31/60, loss: 1.383549, loss1: 0.123731, loss2: 0.146236, nb1: 0.142082
Epoch: 50, batch: 41/60, loss: 2.059115, loss1: 0.178846, loss2: 0.270654, nb1: 0.137660
Epoch: 50, batch: 51/60, loss: 1.402193, loss1: 0.125808, loss2: 0.144115, nb1: 0.143446
0.442655462641 0.32087227785149786 0.47405
