Clustering
cifar10_2.h5
cifar10_2
0.0334075885301 0.016862713683942054 0.160766666667
0 0.8 0.99
Epoch: 1, batch: 1/60, loss: 0.470174, loss1: 0.335053, loss2: 0.135122, nb1: 0.462114
Epoch: 1, batch: 11/60, loss: 0.268382, loss1: 0.212160, loss2: 0.056222, nb1: 0.216502
Epoch: 1, batch: 21/60, loss: 0.253184, loss1: 0.190117, loss2: 0.063067, nb1: 0.198687
Epoch: 1, batch: 31/60, loss: 0.203743, loss1: 0.158176, loss2: 0.045568, nb1: 0.189639
Epoch: 1, batch: 41/60, loss: 0.248931, loss1: 0.187414, loss2: 0.061517, nb1: 0.196036
Epoch: 1, batch: 51/60, loss: 0.198336, loss1: 0.152067, loss2: 0.046270, nb1: 0.188078
0.171432899674 0.10204032280734708 0.2718
1 0.8019000000000001 0.9881
Epoch: 2, batch: 1/60, loss: 0.203224, loss1: 0.165487, loss2: 0.037737, nb1: 0.192632
Epoch: 2, batch: 11/60, loss: 0.196264, loss1: 0.150333, loss2: 0.045932, nb1: 0.185188
Epoch: 2, batch: 21/60, loss: 0.248132, loss1: 0.190981, loss2: 0.057151, nb1: 0.181941
Epoch: 2, batch: 31/60, loss: 0.235961, loss1: 0.185480, loss2: 0.050481, nb1: 0.184306
Epoch: 2, batch: 41/60, loss: 0.222487, loss1: 0.174733, loss2: 0.047754, nb1: 0.177411
Epoch: 2, batch: 51/60, loss: 0.181269, loss1: 0.154864, loss2: 0.026404, nb1: 0.171610
0.249485470402 0.17038954326266123 0.359116666667
2 0.8038000000000001 0.9862
Epoch: 3, batch: 1/60, loss: 0.195039, loss1: 0.149757, loss2: 0.045282, nb1: 0.175117
Epoch: 3, batch: 11/60, loss: 0.182893, loss1: 0.157589, loss2: 0.025304, nb1: 0.175128
Epoch: 3, batch: 21/60, loss: 0.194526, loss1: 0.156969, loss2: 0.037557, nb1: 0.174263
Epoch: 3, batch: 31/60, loss: 0.189468, loss1: 0.158404, loss2: 0.031064, nb1: 0.175213
Epoch: 3, batch: 41/60, loss: 0.147693, loss1: 0.122315, loss2: 0.025378, nb1: 0.171278
Epoch: 3, batch: 51/60, loss: 0.227361, loss1: 0.164325, loss2: 0.063036, nb1: 0.169328
0.284481766138 0.20333255181124138 0.384266666667
3 0.8057000000000001 0.9843
Epoch: 4, batch: 1/60, loss: 0.157661, loss1: 0.122933, loss2: 0.034728, nb1: 0.167396
Epoch: 4, batch: 11/60, loss: 0.182370, loss1: 0.150385, loss2: 0.031985, nb1: 0.167258
Epoch: 4, batch: 21/60, loss: 0.227271, loss1: 0.179604, loss2: 0.047666, nb1: 0.174181
Epoch: 4, batch: 31/60, loss: 0.213938, loss1: 0.177937, loss2: 0.036001, nb1: 0.166682
Epoch: 4, batch: 41/60, loss: 0.147663, loss1: 0.121905, loss2: 0.025758, nb1: 0.170207
Epoch: 4, batch: 51/60, loss: 0.189215, loss1: 0.151051, loss2: 0.038164, nb1: 0.172613
0.313824477469 0.23579614629646087 0.412783333333
4 0.8076000000000001 0.9823999999999999
Epoch: 5, batch: 1/60, loss: 0.175855, loss1: 0.133437, loss2: 0.042419, nb1: 0.168133
Epoch: 5, batch: 11/60, loss: 0.190509, loss1: 0.154764, loss2: 0.035745, nb1: 0.168673
Epoch: 5, batch: 21/60, loss: 0.192155, loss1: 0.143132, loss2: 0.049023, nb1: 0.164767
Epoch: 5, batch: 31/60, loss: 0.154365, loss1: 0.123876, loss2: 0.030489, nb1: 0.164954
Epoch: 5, batch: 41/60, loss: 0.148655, loss1: 0.118909, loss2: 0.029746, nb1: 0.171535
Epoch: 5, batch: 51/60, loss: 0.191271, loss1: 0.144659, loss2: 0.046612, nb1: 0.164519
0.342720866286 0.2596342459835498 0.43375
5 0.8095000000000001 0.9804999999999999
Epoch: 6, batch: 1/60, loss: 0.110036, loss1: 0.090303, loss2: 0.019733, nb1: 0.163370
Epoch: 6, batch: 11/60, loss: 0.162604, loss1: 0.136903, loss2: 0.025701, nb1: 0.165926
Epoch: 6, batch: 21/60, loss: 0.183756, loss1: 0.150562, loss2: 0.033194, nb1: 0.165460
Epoch: 6, batch: 31/60, loss: 0.180945, loss1: 0.138840, loss2: 0.042105, nb1: 0.162597
Epoch: 6, batch: 41/60, loss: 0.109052, loss1: 0.088566, loss2: 0.020486, nb1: 0.158413
Epoch: 6, batch: 51/60, loss: 0.160299, loss1: 0.127627, loss2: 0.032672, nb1: 0.162896
0.342511544291 0.2587099122637897 0.439516666667
6 0.8114000000000001 0.9785999999999999
Epoch: 7, batch: 1/60, loss: 0.145334, loss1: 0.118808, loss2: 0.026527, nb1: 0.161901
Epoch: 7, batch: 11/60, loss: 0.152155, loss1: 0.123795, loss2: 0.028359, nb1: 0.156140
Epoch: 7, batch: 21/60, loss: 0.165732, loss1: 0.136458, loss2: 0.029274, nb1: 0.163402
Epoch: 7, batch: 31/60, loss: 0.128917, loss1: 0.101699, loss2: 0.027218, nb1: 0.158782
Epoch: 7, batch: 41/60, loss: 0.165650, loss1: 0.130203, loss2: 0.035447, nb1: 0.158103
Epoch: 7, batch: 51/60, loss: 0.139166, loss1: 0.112646, loss2: 0.026520, nb1: 0.158625
0.362901153818 0.27661497213210307 0.46165
7 0.8133000000000001 0.9766999999999999
Epoch: 8, batch: 1/60, loss: 0.139443, loss1: 0.112211, loss2: 0.027232, nb1: 0.160389
Epoch: 8, batch: 11/60, loss: 0.144461, loss1: 0.127123, loss2: 0.017337, nb1: 0.159338
Epoch: 8, batch: 21/60, loss: 0.131110, loss1: 0.112342, loss2: 0.018768, nb1: 0.160792
Epoch: 8, batch: 31/60, loss: 0.169446, loss1: 0.131663, loss2: 0.037783, nb1: 0.164298
Epoch: 8, batch: 41/60, loss: 0.153048, loss1: 0.130088, loss2: 0.022959, nb1: 0.164735
Epoch: 8, batch: 51/60, loss: 0.169568, loss1: 0.132482, loss2: 0.037086, nb1: 0.158982
0.374740652619 0.29442886858272843 0.459516666667
8 0.8152000000000001 0.9747999999999999
Epoch: 9, batch: 1/60, loss: 0.175409, loss1: 0.140545, loss2: 0.034864, nb1: 0.158421
Epoch: 9, batch: 11/60, loss: 0.155377, loss1: 0.116839, loss2: 0.038538, nb1: 0.160080
Epoch: 9, batch: 21/60, loss: 0.178071, loss1: 0.139803, loss2: 0.038268, nb1: 0.162166
Epoch: 9, batch: 31/60, loss: 0.148002, loss1: 0.119711, loss2: 0.028291, nb1: 0.161672
Epoch: 9, batch: 41/60, loss: 0.164913, loss1: 0.131062, loss2: 0.033851, nb1: 0.163050
Epoch: 9, batch: 51/60, loss: 0.179428, loss1: 0.142782, loss2: 0.036646, nb1: 0.161059
0.378717304408 0.2938401488496675 0.459183333333
9 0.8171000000000002 0.9728999999999999
Epoch: 10, batch: 1/60, loss: 0.200153, loss1: 0.153038, loss2: 0.047115, nb1: 0.154903
Epoch: 10, batch: 11/60, loss: 0.127972, loss1: 0.095553, loss2: 0.032419, nb1: 0.158999
Epoch: 10, batch: 21/60, loss: 0.195511, loss1: 0.149128, loss2: 0.046383, nb1: 0.161865
Epoch: 10, batch: 31/60, loss: 0.159277, loss1: 0.129612, loss2: 0.029665, nb1: 0.159610
Epoch: 10, batch: 41/60, loss: 0.119304, loss1: 0.100166, loss2: 0.019138, nb1: 0.160386
Epoch: 10, batch: 51/60, loss: 0.159938, loss1: 0.135371, loss2: 0.024567, nb1: 0.158578
0.390715567237 0.3013190729767068 0.471816666667
10 0.8190000000000002 0.9709999999999999
Epoch: 11, batch: 1/60, loss: 0.152308, loss1: 0.123665, loss2: 0.028643, nb1: 0.158503
Epoch: 11, batch: 11/60, loss: 0.169625, loss1: 0.129365, loss2: 0.040259, nb1: 0.155714
Epoch: 11, batch: 21/60, loss: 0.156594, loss1: 0.124644, loss2: 0.031949, nb1: 0.161215
Epoch: 11, batch: 31/60, loss: 0.098554, loss1: 0.078911, loss2: 0.019643, nb1: 0.153497
Epoch: 11, batch: 41/60, loss: 0.168088, loss1: 0.130289, loss2: 0.037799, nb1: 0.153827
Epoch: 11, batch: 51/60, loss: 0.140434, loss1: 0.112787, loss2: 0.027648, nb1: 0.154918
0.395735266547 0.3102122770795612 0.477566666667
11 0.8209000000000002 0.9690999999999999
Epoch: 12, batch: 1/60, loss: 0.132153, loss1: 0.105739, loss2: 0.026414, nb1: 0.154757
Epoch: 12, batch: 11/60, loss: 0.130987, loss1: 0.108110, loss2: 0.022877, nb1: 0.156628
Epoch: 12, batch: 21/60, loss: 0.150895, loss1: 0.115131, loss2: 0.035764, nb1: 0.153157
Epoch: 12, batch: 31/60, loss: 0.175929, loss1: 0.131486, loss2: 0.044443, nb1: 0.155987
Epoch: 12, batch: 41/60, loss: 0.143051, loss1: 0.114346, loss2: 0.028706, nb1: 0.153179
Epoch: 12, batch: 51/60, loss: 0.175396, loss1: 0.146758, loss2: 0.028638, nb1: 0.162134
0.403273422128 0.3170138987587868 0.488383333333
12 0.8228000000000002 0.9671999999999998
Epoch: 13, batch: 1/60, loss: 0.155275, loss1: 0.117807, loss2: 0.037468, nb1: 0.162086
Epoch: 13, batch: 11/60, loss: 0.150913, loss1: 0.118473, loss2: 0.032441, nb1: 0.154475
Epoch: 13, batch: 21/60, loss: 0.107374, loss1: 0.092360, loss2: 0.015014, nb1: 0.155971
Epoch: 13, batch: 31/60, loss: 0.131226, loss1: 0.108238, loss2: 0.022988, nb1: 0.151762
Epoch: 13, batch: 41/60, loss: 0.152177, loss1: 0.111502, loss2: 0.040675, nb1: 0.156854
Epoch: 13, batch: 51/60, loss: 0.166352, loss1: 0.136833, loss2: 0.029519, nb1: 0.156351
0.411132712674 0.32533468763049994 0.491483333333
13 0.8247000000000002 0.9652999999999998
Epoch: 14, batch: 1/60, loss: 0.142017, loss1: 0.113829, loss2: 0.028189, nb1: 0.156676
Epoch: 14, batch: 11/60, loss: 0.115990, loss1: 0.096397, loss2: 0.019593, nb1: 0.160075
Epoch: 14, batch: 21/60, loss: 0.095936, loss1: 0.077904, loss2: 0.018032, nb1: 0.153404
Epoch: 14, batch: 31/60, loss: 0.143704, loss1: 0.117787, loss2: 0.025916, nb1: 0.157126
Epoch: 14, batch: 41/60, loss: 0.155706, loss1: 0.124001, loss2: 0.031705, nb1: 0.158472
Epoch: 14, batch: 51/60, loss: 0.133675, loss1: 0.106936, loss2: 0.026739, nb1: 0.151822
0.418649279471 0.3306662121907438 0.502533333333
14 0.8266000000000002 0.9633999999999998
Epoch: 15, batch: 1/60, loss: 0.154841, loss1: 0.122051, loss2: 0.032790, nb1: 0.155907
Epoch: 15, batch: 11/60, loss: 0.150468, loss1: 0.116143, loss2: 0.034325, nb1: 0.158962
Epoch: 15, batch: 21/60, loss: 0.164681, loss1: 0.119784, loss2: 0.044897, nb1: 0.155525
Epoch: 15, batch: 31/60, loss: 0.106951, loss1: 0.077957, loss2: 0.028995, nb1: 0.153633
Epoch: 15, batch: 41/60, loss: 0.129643, loss1: 0.104783, loss2: 0.024860, nb1: 0.160906
Epoch: 15, batch: 51/60, loss: 0.139501, loss1: 0.114978, loss2: 0.024523, nb1: 0.155599
0.416872247264 0.3279193613689126 0.492316666667
15 0.8285000000000002 0.9614999999999998
Epoch: 16, batch: 1/60, loss: 0.094901, loss1: 0.076231, loss2: 0.018670, nb1: 0.147385
Epoch: 16, batch: 11/60, loss: 0.137435, loss1: 0.110667, loss2: 0.026768, nb1: 0.154196
Epoch: 16, batch: 21/60, loss: 0.120100, loss1: 0.101764, loss2: 0.018336, nb1: 0.154953
Epoch: 16, batch: 31/60, loss: 0.130497, loss1: 0.095296, loss2: 0.035201, nb1: 0.153044
Epoch: 16, batch: 41/60, loss: 0.126977, loss1: 0.101196, loss2: 0.025781, nb1: 0.156217
Epoch: 16, batch: 51/60, loss: 0.197652, loss1: 0.153520, loss2: 0.044132, nb1: 0.156351
0.423693978218 0.335107427256879 0.490866666667
16 0.8304000000000002 0.9595999999999998
Epoch: 17, batch: 1/60, loss: 0.137309, loss1: 0.107707, loss2: 0.029602, nb1: 0.153233
Epoch: 17, batch: 11/60, loss: 0.132498, loss1: 0.105405, loss2: 0.027093, nb1: 0.149839
Epoch: 17, batch: 21/60, loss: 0.164899, loss1: 0.130826, loss2: 0.034074, nb1: 0.156591
Epoch: 17, batch: 31/60, loss: 0.114735, loss1: 0.094094, loss2: 0.020641, nb1: 0.149766
Epoch: 17, batch: 41/60, loss: 0.106210, loss1: 0.094307, loss2: 0.011903, nb1: 0.150396
Epoch: 17, batch: 51/60, loss: 0.126864, loss1: 0.109863, loss2: 0.017001, nb1: 0.151525
0.427923898949 0.34020378329987927 0.500283333333
17 0.8323000000000003 0.9576999999999998
Epoch: 18, batch: 1/60, loss: 0.193100, loss1: 0.144571, loss2: 0.048529, nb1: 0.156824
Epoch: 18, batch: 11/60, loss: 0.162243, loss1: 0.134522, loss2: 0.027720, nb1: 0.148217
Epoch: 18, batch: 21/60, loss: 0.137822, loss1: 0.101514, loss2: 0.036308, nb1: 0.153893
Epoch: 18, batch: 31/60, loss: 0.179075, loss1: 0.139982, loss2: 0.039093, nb1: 0.156353
Epoch: 18, batch: 41/60, loss: 0.143624, loss1: 0.116323, loss2: 0.027301, nb1: 0.162114
Epoch: 18, batch: 51/60, loss: 0.139360, loss1: 0.108955, loss2: 0.030405, nb1: 0.156761
0.417420045783 0.3267649243809638 0.487016666667
18 0.8342000000000003 0.9557999999999998
Epoch: 19, batch: 1/60, loss: 0.141981, loss1: 0.109009, loss2: 0.032972, nb1: 0.153869
Epoch: 19, batch: 11/60, loss: 0.160812, loss1: 0.128404, loss2: 0.032409, nb1: 0.153548
Epoch: 19, batch: 21/60, loss: 0.192223, loss1: 0.153760, loss2: 0.038463, nb1: 0.156841
Epoch: 19, batch: 31/60, loss: 0.133529, loss1: 0.104649, loss2: 0.028880, nb1: 0.150788
Epoch: 19, batch: 41/60, loss: 0.106817, loss1: 0.085134, loss2: 0.021684, nb1: 0.155823
Epoch: 19, batch: 51/60, loss: 0.117989, loss1: 0.097638, loss2: 0.020351, nb1: 0.165445
0.42463699151 0.33454114349416225 0.49345
19 0.8361000000000003 0.9538999999999997
Epoch: 20, batch: 1/60, loss: 0.141641, loss1: 0.111289, loss2: 0.030352, nb1: 0.157247
Epoch: 20, batch: 11/60, loss: 0.129544, loss1: 0.095144, loss2: 0.034400, nb1: 0.152517
Epoch: 20, batch: 21/60, loss: 0.125717, loss1: 0.105749, loss2: 0.019968, nb1: 0.155560
Epoch: 20, batch: 31/60, loss: 0.147938, loss1: 0.113247, loss2: 0.034692, nb1: 0.160324
Epoch: 20, batch: 41/60, loss: 0.122749, loss1: 0.094657, loss2: 0.028092, nb1: 0.154983
Epoch: 20, batch: 51/60, loss: 0.134847, loss1: 0.104104, loss2: 0.030743, nb1: 0.152869
0.423382733434 0.3357820256918235 0.490216666667
20 0.8380000000000003 0.9519999999999997
Epoch: 21, batch: 1/60, loss: 0.115092, loss1: 0.094377, loss2: 0.020714, nb1: 0.151876
Epoch: 21, batch: 11/60, loss: 0.117953, loss1: 0.098651, loss2: 0.019302, nb1: 0.146343
Epoch: 21, batch: 21/60, loss: 0.115580, loss1: 0.092876, loss2: 0.022704, nb1: 0.155527
Epoch: 21, batch: 31/60, loss: 0.129816, loss1: 0.113670, loss2: 0.016146, nb1: 0.153076
Epoch: 21, batch: 41/60, loss: 0.090155, loss1: 0.079521, loss2: 0.010634, nb1: 0.158031
Epoch: 21, batch: 51/60, loss: 0.127117, loss1: 0.102463, loss2: 0.024654, nb1: 0.151459
0.429574177333 0.3403510173671961 0.495483333333
21 0.8399000000000003 0.9500999999999997
Epoch: 22, batch: 1/60, loss: 0.121841, loss1: 0.092299, loss2: 0.029542, nb1: 0.149623
Epoch: 22, batch: 11/60, loss: 0.136825, loss1: 0.115306, loss2: 0.021519, nb1: 0.149969
Epoch: 22, batch: 21/60, loss: 0.099946, loss1: 0.082194, loss2: 0.017752, nb1: 0.150359
Epoch: 22, batch: 31/60, loss: 0.121793, loss1: 0.097775, loss2: 0.024018, nb1: 0.159165
Epoch: 22, batch: 41/60, loss: 0.163243, loss1: 0.130203, loss2: 0.033040, nb1: 0.160812
Epoch: 22, batch: 51/60, loss: 0.098403, loss1: 0.077885, loss2: 0.020517, nb1: 0.148201
0.432867049242 0.33991459755378334 0.494283333333
22 0.8418000000000003 0.9481999999999997
Epoch: 23, batch: 1/60, loss: 0.108302, loss1: 0.090816, loss2: 0.017486, nb1: 0.150102
Epoch: 23, batch: 11/60, loss: 0.112518, loss1: 0.089388, loss2: 0.023130, nb1: 0.154835
Epoch: 23, batch: 21/60, loss: 0.124200, loss1: 0.098964, loss2: 0.025236, nb1: 0.151868
Epoch: 23, batch: 31/60, loss: 0.119407, loss1: 0.094845, loss2: 0.024562, nb1: 0.153130
Epoch: 23, batch: 41/60, loss: 0.111979, loss1: 0.092217, loss2: 0.019762, nb1: 0.148319
Epoch: 23, batch: 51/60, loss: 0.143814, loss1: 0.120157, loss2: 0.023657, nb1: 0.155834
0.432340318003 0.3431317368816509 0.496266666667
23 0.8437000000000003 0.9462999999999997
Epoch: 24, batch: 1/60, loss: 0.119836, loss1: 0.093299, loss2: 0.026536, nb1: 0.153815
Epoch: 24, batch: 11/60, loss: 0.127962, loss1: 0.097845, loss2: 0.030117, nb1: 0.152462
Epoch: 24, batch: 21/60, loss: 0.138651, loss1: 0.112088, loss2: 0.026563, nb1: 0.149356
Epoch: 24, batch: 31/60, loss: 0.106350, loss1: 0.084986, loss2: 0.021364, nb1: 0.156206
Epoch: 24, batch: 41/60, loss: 0.147538, loss1: 0.114434, loss2: 0.033104, nb1: 0.152639
Epoch: 24, batch: 51/60, loss: 0.146775, loss1: 0.109866, loss2: 0.036909, nb1: 0.155889
0.432997328848 0.33717903772107793 0.49455
24 0.8456000000000004 0.9443999999999997
Epoch: 25, batch: 1/60, loss: 0.104837, loss1: 0.082488, loss2: 0.022349, nb1: 0.156323
Epoch: 25, batch: 11/60, loss: 0.130615, loss1: 0.107321, loss2: 0.023294, nb1: 0.150693
Epoch: 25, batch: 21/60, loss: 0.129785, loss1: 0.104472, loss2: 0.025313, nb1: 0.150195
Epoch: 25, batch: 31/60, loss: 0.099220, loss1: 0.083099, loss2: 0.016121, nb1: 0.144811
Epoch: 25, batch: 41/60, loss: 0.118501, loss1: 0.090860, loss2: 0.027641, nb1: 0.150698
Epoch: 25, batch: 51/60, loss: 0.119005, loss1: 0.093497, loss2: 0.025507, nb1: 0.156198
0.443829409822 0.3515392818069848 0.497516666667
25 0.8475000000000004 0.9424999999999997
Epoch: 26, batch: 1/60, loss: 0.090371, loss1: 0.070324, loss2: 0.020047, nb1: 0.149620
Epoch: 26, batch: 11/60, loss: 0.127907, loss1: 0.096103, loss2: 0.031804, nb1: 0.151000
Epoch: 26, batch: 21/60, loss: 0.130704, loss1: 0.101738, loss2: 0.028967, nb1: 0.160553
Epoch: 26, batch: 31/60, loss: 0.073192, loss1: 0.061909, loss2: 0.011283, nb1: 0.150376
Epoch: 26, batch: 41/60, loss: 0.082708, loss1: 0.068348, loss2: 0.014359, nb1: 0.151918
Epoch: 26, batch: 51/60, loss: 0.133370, loss1: 0.105619, loss2: 0.027751, nb1: 0.158132
0.441822840238 0.3475414317142097 0.497116666667
26 0.8494000000000004 0.9405999999999997
Epoch: 27, batch: 1/60, loss: 0.114301, loss1: 0.093454, loss2: 0.020847, nb1: 0.149995
Epoch: 27, batch: 11/60, loss: 0.137717, loss1: 0.105686, loss2: 0.032031, nb1: 0.154415
Epoch: 27, batch: 21/60, loss: 0.116596, loss1: 0.087279, loss2: 0.029317, nb1: 0.153706
Epoch: 27, batch: 31/60, loss: 0.143497, loss1: 0.117286, loss2: 0.026212, nb1: 0.151986
Epoch: 27, batch: 41/60, loss: 0.137152, loss1: 0.107776, loss2: 0.029376, nb1: 0.160657
Epoch: 27, batch: 51/60, loss: 0.140979, loss1: 0.114521, loss2: 0.026458, nb1: 0.150828
0.450345992798 0.3582889322903769 0.5052
27 0.8513000000000004 0.9386999999999996
Epoch: 28, batch: 1/60, loss: 0.118913, loss1: 0.093994, loss2: 0.024920, nb1: 0.149115
Epoch: 28, batch: 11/60, loss: 0.098824, loss1: 0.086674, loss2: 0.012150, nb1: 0.154171
Epoch: 28, batch: 21/60, loss: 0.111251, loss1: 0.096791, loss2: 0.014460, nb1: 0.150782
Epoch: 28, batch: 31/60, loss: 0.136119, loss1: 0.106801, loss2: 0.029318, nb1: 0.151314
Epoch: 28, batch: 41/60, loss: 0.110816, loss1: 0.091336, loss2: 0.019480, nb1: 0.160065
Epoch: 28, batch: 51/60, loss: 0.147429, loss1: 0.107787, loss2: 0.039642, nb1: 0.155074
0.44733579074 0.3551464211197738 0.503616666667
28 0.8532000000000004 0.9367999999999996
Epoch: 29, batch: 1/60, loss: 0.132564, loss1: 0.099159, loss2: 0.033405, nb1: 0.152701
Epoch: 29, batch: 11/60, loss: 0.109143, loss1: 0.092308, loss2: 0.016836, nb1: 0.146800
Epoch: 29, batch: 21/60, loss: 0.110531, loss1: 0.086976, loss2: 0.023556, nb1: 0.149556
Epoch: 29, batch: 31/60, loss: 0.114487, loss1: 0.090574, loss2: 0.023914, nb1: 0.156098
Epoch: 29, batch: 41/60, loss: 0.123094, loss1: 0.097640, loss2: 0.025453, nb1: 0.155967
Epoch: 29, batch: 51/60, loss: 0.056618, loss1: 0.049768, loss2: 0.006850, nb1: 0.151777
0.452050852455 0.3604905851378861 0.5128
29 0.8551000000000004 0.9348999999999996
Epoch: 30, batch: 1/60, loss: 0.131268, loss1: 0.104455, loss2: 0.026813, nb1: 0.148213
Epoch: 30, batch: 11/60, loss: 0.126093, loss1: 0.100210, loss2: 0.025883, nb1: 0.149339
Epoch: 30, batch: 21/60, loss: 0.114460, loss1: 0.101465, loss2: 0.012995, nb1: 0.150595
Epoch: 30, batch: 31/60, loss: 0.143477, loss1: 0.109588, loss2: 0.033890, nb1: 0.152710
Epoch: 30, batch: 41/60, loss: 0.170767, loss1: 0.130316, loss2: 0.040451, nb1: 0.151510
Epoch: 30, batch: 51/60, loss: 0.100576, loss1: 0.074870, loss2: 0.025705, nb1: 0.153642
0.451701620067 0.3595037257049218 0.512033333333
30 0.8570000000000004 0.9329999999999996
Epoch: 31, batch: 1/60, loss: 0.137770, loss1: 0.106372, loss2: 0.031398, nb1: 0.150075
Epoch: 31, batch: 11/60, loss: 0.107076, loss1: 0.090839, loss2: 0.016236, nb1: 0.149180
Epoch: 31, batch: 21/60, loss: 0.103787, loss1: 0.084767, loss2: 0.019020, nb1: 0.151663
Epoch: 31, batch: 31/60, loss: 0.122741, loss1: 0.096360, loss2: 0.026381, nb1: 0.155392
Epoch: 31, batch: 41/60, loss: 0.119771, loss1: 0.090887, loss2: 0.028884, nb1: 0.151705
Epoch: 31, batch: 51/60, loss: 0.105093, loss1: 0.085677, loss2: 0.019416, nb1: 0.148241
0.45460657341 0.3644138575661635 0.5116
31 0.8589000000000004 0.9310999999999996
Epoch: 32, batch: 1/60, loss: 0.105913, loss1: 0.083686, loss2: 0.022227, nb1: 0.147089
Epoch: 32, batch: 11/60, loss: 0.172986, loss1: 0.134858, loss2: 0.038128, nb1: 0.155885
Epoch: 32, batch: 21/60, loss: 0.099472, loss1: 0.083212, loss2: 0.016260, nb1: 0.150032
Epoch: 32, batch: 31/60, loss: 0.147319, loss1: 0.123120, loss2: 0.024199, nb1: 0.151024
Epoch: 32, batch: 41/60, loss: 0.129084, loss1: 0.105873, loss2: 0.023211, nb1: 0.148855
Epoch: 32, batch: 51/60, loss: 0.132545, loss1: 0.098504, loss2: 0.034041, nb1: 0.150056
0.450816609757 0.35844503914967296 0.506733333333
32 0.8608000000000005 0.9291999999999996
Epoch: 33, batch: 1/60, loss: 0.174252, loss1: 0.142514, loss2: 0.031738, nb1: 0.154072
Epoch: 33, batch: 11/60, loss: 0.127607, loss1: 0.098672, loss2: 0.028934, nb1: 0.150365
Epoch: 33, batch: 21/60, loss: 0.104711, loss1: 0.093561, loss2: 0.011150, nb1: 0.146610
Epoch: 33, batch: 31/60, loss: 0.128717, loss1: 0.101273, loss2: 0.027444, nb1: 0.155478
Epoch: 33, batch: 41/60, loss: 0.093451, loss1: 0.078069, loss2: 0.015382, nb1: 0.153026
Epoch: 33, batch: 51/60, loss: 0.102647, loss1: 0.081835, loss2: 0.020812, nb1: 0.153623
0.444930379168 0.35181761860890404 0.502266666667
33 0.8627000000000005 0.9272999999999996
Epoch: 34, batch: 1/60, loss: 0.133124, loss1: 0.097525, loss2: 0.035600, nb1: 0.157325
Epoch: 34, batch: 11/60, loss: 0.136458, loss1: 0.114536, loss2: 0.021922, nb1: 0.155395
Epoch: 34, batch: 21/60, loss: 0.137683, loss1: 0.108665, loss2: 0.029018, nb1: 0.151999
Epoch: 34, batch: 31/60, loss: 0.088344, loss1: 0.073089, loss2: 0.015256, nb1: 0.153233
Epoch: 34, batch: 41/60, loss: 0.126184, loss1: 0.105514, loss2: 0.020670, nb1: 0.153602
Epoch: 34, batch: 51/60, loss: 0.116078, loss1: 0.097133, loss2: 0.018945, nb1: 0.149082
0.460937817371 0.3689759919102399 0.51525
34 0.8646000000000005 0.9253999999999996
Epoch: 35, batch: 1/60, loss: 0.115790, loss1: 0.088567, loss2: 0.027224, nb1: 0.147315
Epoch: 35, batch: 11/60, loss: 0.127638, loss1: 0.097716, loss2: 0.029922, nb1: 0.151984
Epoch: 35, batch: 21/60, loss: 0.106189, loss1: 0.083317, loss2: 0.022872, nb1: 0.153296
Epoch: 35, batch: 31/60, loss: 0.099503, loss1: 0.083046, loss2: 0.016457, nb1: 0.150566
Epoch: 35, batch: 41/60, loss: 0.109903, loss1: 0.081777, loss2: 0.028126, nb1: 0.148655
Epoch: 35, batch: 51/60, loss: 0.155741, loss1: 0.119688, loss2: 0.036053, nb1: 0.156000
0.459172755883 0.36615362617346375 0.51135
35 0.8665000000000005 0.9234999999999995
Epoch: 36, batch: 1/60, loss: 0.108708, loss1: 0.083661, loss2: 0.025047, nb1: 0.150293
Epoch: 36, batch: 11/60, loss: 0.128202, loss1: 0.104859, loss2: 0.023344, nb1: 0.149004
Epoch: 36, batch: 21/60, loss: 0.117284, loss1: 0.093292, loss2: 0.023991, nb1: 0.153108
Epoch: 36, batch: 31/60, loss: 0.091133, loss1: 0.077428, loss2: 0.013705, nb1: 0.143863
Epoch: 36, batch: 41/60, loss: 0.093226, loss1: 0.080534, loss2: 0.012691, nb1: 0.151665
Epoch: 36, batch: 51/60, loss: 0.143383, loss1: 0.112439, loss2: 0.030944, nb1: 0.154243
0.454975440895 0.3655454582797559 0.51115
36 0.8684000000000005 0.9215999999999995
Epoch: 37, batch: 1/60, loss: 0.096232, loss1: 0.075864, loss2: 0.020368, nb1: 0.150125
Epoch: 37, batch: 11/60, loss: 0.127157, loss1: 0.094053, loss2: 0.033104, nb1: 0.148648
Epoch: 37, batch: 21/60, loss: 0.087578, loss1: 0.068825, loss2: 0.018753, nb1: 0.160353
Epoch: 37, batch: 31/60, loss: 0.120468, loss1: 0.082681, loss2: 0.037787, nb1: 0.155947
Epoch: 37, batch: 41/60, loss: 0.150805, loss1: 0.111813, loss2: 0.038991, nb1: 0.155165
Epoch: 37, batch: 51/60, loss: 0.149094, loss1: 0.122203, loss2: 0.026891, nb1: 0.150866
0.45245423101 0.3625517391339583 0.51035
37 0.8703000000000005 0.9196999999999995
Epoch: 38, batch: 1/60, loss: 0.113351, loss1: 0.095836, loss2: 0.017515, nb1: 0.149244
Epoch: 38, batch: 11/60, loss: 0.115111, loss1: 0.094965, loss2: 0.020147, nb1: 0.151489
Epoch: 38, batch: 21/60, loss: 0.111705, loss1: 0.098317, loss2: 0.013387, nb1: 0.154483
Epoch: 38, batch: 31/60, loss: 0.159200, loss1: 0.121977, loss2: 0.037224, nb1: 0.153279
Epoch: 38, batch: 41/60, loss: 0.169200, loss1: 0.140865, loss2: 0.028335, nb1: 0.154485
Epoch: 38, batch: 51/60, loss: 0.124801, loss1: 0.095391, loss2: 0.029411, nb1: 0.153557
0.456168155271 0.3642860807218992 0.512116666667
38 0.8722000000000005 0.9177999999999995
Epoch: 39, batch: 1/60, loss: 0.135653, loss1: 0.099623, loss2: 0.036030, nb1: 0.150726
Epoch: 39, batch: 11/60, loss: 0.123742, loss1: 0.097036, loss2: 0.026706, nb1: 0.153582
Epoch: 39, batch: 21/60, loss: 0.083634, loss1: 0.065971, loss2: 0.017663, nb1: 0.150082
Epoch: 39, batch: 31/60, loss: 0.115321, loss1: 0.092607, loss2: 0.022713, nb1: 0.147163
Epoch: 39, batch: 41/60, loss: 0.190954, loss1: 0.148444, loss2: 0.042510, nb1: 0.146664
Epoch: 39, batch: 51/60, loss: 0.162696, loss1: 0.128178, loss2: 0.034518, nb1: 0.153852
0.455649604667 0.3644701005163871 0.51035
39 0.8741000000000005 0.9158999999999995
Epoch: 40, batch: 1/60, loss: 0.129745, loss1: 0.095097, loss2: 0.034647, nb1: 0.155403
Epoch: 40, batch: 11/60, loss: 0.118285, loss1: 0.094705, loss2: 0.023580, nb1: 0.152982
Epoch: 40, batch: 21/60, loss: 0.089658, loss1: 0.073886, loss2: 0.015772, nb1: 0.152104
Epoch: 40, batch: 31/60, loss: 0.143121, loss1: 0.111565, loss2: 0.031556, nb1: 0.149089
Epoch: 40, batch: 41/60, loss: 0.179124, loss1: 0.127298, loss2: 0.051826, nb1: 0.148189
Epoch: 40, batch: 51/60, loss: 0.139731, loss1: 0.111299, loss2: 0.028432, nb1: 0.150167
0.452446774281 0.3603045647044132 0.5134
40 0.8760000000000006 0.9139999999999995
Epoch: 41, batch: 1/60, loss: 0.097444, loss1: 0.076526, loss2: 0.020918, nb1: 0.149543
Epoch: 41, batch: 11/60, loss: 0.170873, loss1: 0.131241, loss2: 0.039631, nb1: 0.144300
Epoch: 41, batch: 21/60, loss: 0.096702, loss1: 0.074736, loss2: 0.021966, nb1: 0.161047
Epoch: 41, batch: 31/60, loss: 0.122229, loss1: 0.097439, loss2: 0.024790, nb1: 0.152328
Epoch: 41, batch: 41/60, loss: 0.077513, loss1: 0.064018, loss2: 0.013494, nb1: 0.144897
Epoch: 41, batch: 51/60, loss: 0.153275, loss1: 0.110036, loss2: 0.043238, nb1: 0.148888
0.456001794978 0.36284930247153224 0.515166666667
41 0.8779000000000006 0.9120999999999995
Epoch: 42, batch: 1/60, loss: 0.093388, loss1: 0.081283, loss2: 0.012105, nb1: 0.153309
Epoch: 42, batch: 11/60, loss: 0.090550, loss1: 0.077700, loss2: 0.012850, nb1: 0.150328
Epoch: 42, batch: 21/60, loss: 0.099468, loss1: 0.082715, loss2: 0.016753, nb1: 0.149009
Epoch: 42, batch: 31/60, loss: 0.095352, loss1: 0.077060, loss2: 0.018293, nb1: 0.144288
Epoch: 42, batch: 41/60, loss: 0.115449, loss1: 0.090865, loss2: 0.024584, nb1: 0.150510
Epoch: 42, batch: 51/60, loss: 0.129212, loss1: 0.097684, loss2: 0.031528, nb1: 0.152704
0.463031545054 0.37579036788497755 0.522166666667
42 0.8798000000000006 0.9101999999999995
Epoch: 43, batch: 1/60, loss: 0.095900, loss1: 0.085300, loss2: 0.010600, nb1: 0.147500
Epoch: 43, batch: 11/60, loss: 0.144275, loss1: 0.113397, loss2: 0.030877, nb1: 0.152505
Epoch: 43, batch: 21/60, loss: 0.159049, loss1: 0.123380, loss2: 0.035669, nb1: 0.153847
Epoch: 43, batch: 31/60, loss: 0.104892, loss1: 0.092628, loss2: 0.012263, nb1: 0.151406
Epoch: 43, batch: 41/60, loss: 0.085677, loss1: 0.071284, loss2: 0.014393, nb1: 0.152054
Epoch: 43, batch: 51/60, loss: 0.104921, loss1: 0.090691, loss2: 0.014230, nb1: 0.148925
0.454525323137 0.36149799153587836 0.5106
43 0.8817000000000006 0.9082999999999994
Epoch: 44, batch: 1/60, loss: 0.109047, loss1: 0.090047, loss2: 0.019001, nb1: 0.151182
Epoch: 44, batch: 11/60, loss: 0.104864, loss1: 0.082936, loss2: 0.021927, nb1: 0.151115
Epoch: 44, batch: 21/60, loss: 0.115085, loss1: 0.100117, loss2: 0.014968, nb1: 0.148924
Epoch: 44, batch: 31/60, loss: 0.083437, loss1: 0.072845, loss2: 0.010592, nb1: 0.146512
Epoch: 44, batch: 41/60, loss: 0.082227, loss1: 0.066590, loss2: 0.015637, nb1: 0.144085
Epoch: 44, batch: 51/60, loss: 0.080671, loss1: 0.064093, loss2: 0.016578, nb1: 0.152150
0.461897206259 0.36868764820473354 0.511866666667
44 0.8836000000000006 0.9063999999999994
Epoch: 45, batch: 1/60, loss: 0.098980, loss1: 0.075721, loss2: 0.023259, nb1: 0.152135
Epoch: 45, batch: 11/60, loss: 0.105918, loss1: 0.087628, loss2: 0.018290, nb1: 0.152574
Epoch: 45, batch: 21/60, loss: 0.138761, loss1: 0.110252, loss2: 0.028509, nb1: 0.146769
Epoch: 45, batch: 31/60, loss: 0.142890, loss1: 0.108200, loss2: 0.034690, nb1: 0.151065
Epoch: 45, batch: 41/60, loss: 0.130530, loss1: 0.095328, loss2: 0.035202, nb1: 0.149642
Epoch: 45, batch: 51/60, loss: 0.099428, loss1: 0.079429, loss2: 0.019999, nb1: 0.141450
0.452242244016 0.36019394289885975 0.5087
45 0.8855000000000006 0.9044999999999994
Epoch: 46, batch: 1/60, loss: 0.075953, loss1: 0.067842, loss2: 0.008111, nb1: 0.147105
Epoch: 46, batch: 11/60, loss: 0.132375, loss1: 0.092665, loss2: 0.039710, nb1: 0.150476
Epoch: 46, batch: 21/60, loss: 0.074912, loss1: 0.058037, loss2: 0.016875, nb1: 0.148417
Epoch: 46, batch: 31/60, loss: 0.158065, loss1: 0.119807, loss2: 0.038258, nb1: 0.153099
Epoch: 46, batch: 41/60, loss: 0.133127, loss1: 0.102978, loss2: 0.030149, nb1: 0.145230
Epoch: 46, batch: 51/60, loss: 0.100972, loss1: 0.079298, loss2: 0.021674, nb1: 0.152700
0.462650611127 0.37174790789277234 0.518416666667
46 0.8874000000000006 0.9025999999999994
Epoch: 47, batch: 1/60, loss: 0.119733, loss1: 0.089927, loss2: 0.029806, nb1: 0.151549
Epoch: 47, batch: 11/60, loss: 0.161966, loss1: 0.123999, loss2: 0.037967, nb1: 0.147859
Epoch: 47, batch: 21/60, loss: 0.101166, loss1: 0.079365, loss2: 0.021801, nb1: 0.147747
Epoch: 47, batch: 31/60, loss: 0.129651, loss1: 0.106491, loss2: 0.023160, nb1: 0.147398
Epoch: 47, batch: 41/60, loss: 0.126628, loss1: 0.094130, loss2: 0.032498, nb1: 0.148251
Epoch: 47, batch: 51/60, loss: 0.098809, loss1: 0.089209, loss2: 0.009600, nb1: 0.150101
0.456431728628 0.36049542384406313 0.506483333333
47 0.8893000000000006 0.9006999999999994
Epoch: 48, batch: 1/60, loss: 0.100240, loss1: 0.082056, loss2: 0.018184, nb1: 0.154657
Epoch: 48, batch: 11/60, loss: 0.131851, loss1: 0.102830, loss2: 0.029022, nb1: 0.149757
Epoch: 48, batch: 21/60, loss: 0.087617, loss1: 0.065403, loss2: 0.022213, nb1: 0.148637
Epoch: 48, batch: 31/60, loss: 0.102898, loss1: 0.079846, loss2: 0.023053, nb1: 0.149315
Epoch: 48, batch: 41/60, loss: 0.080935, loss1: 0.067136, loss2: 0.013798, nb1: 0.149615
Epoch: 48, batch: 51/60, loss: 0.100685, loss1: 0.078923, loss2: 0.021762, nb1: 0.150057
0.458417279323 0.3637793798404318 0.514283333333
48 0.8912000000000007 0.8987999999999994
Epoch: 49, batch: 1/60, loss: 0.125514, loss1: 0.098042, loss2: 0.027472, nb1: 0.152554
Epoch: 49, batch: 11/60, loss: 0.125172, loss1: 0.096634, loss2: 0.028538, nb1: 0.146325
Epoch: 49, batch: 21/60, loss: 0.082418, loss1: 0.071679, loss2: 0.010739, nb1: 0.145449
Epoch: 49, batch: 31/60, loss: 0.161650, loss1: 0.115794, loss2: 0.045856, nb1: 0.151604
Epoch: 49, batch: 41/60, loss: 0.076684, loss1: 0.060132, loss2: 0.016552, nb1: 0.150494
Epoch: 49, batch: 51/60, loss: 0.141151, loss1: 0.105769, loss2: 0.035382, nb1: 0.151953
0.457837964987 0.37060193139102166 0.513433333333
49 0.8931000000000007 0.8968999999999994
Epoch: 50, batch: 1/60, loss: 0.115067, loss1: 0.092923, loss2: 0.022144, nb1: 0.148491
Epoch: 50, batch: 11/60, loss: 0.092780, loss1: 0.084628, loss2: 0.008152, nb1: 0.144517
Epoch: 50, batch: 21/60, loss: 0.189078, loss1: 0.163074, loss2: 0.026004, nb1: 0.155826
Epoch: 50, batch: 31/60, loss: 0.135921, loss1: 0.112158, loss2: 0.023763, nb1: 0.158664
Epoch: 50, batch: 41/60, loss: 0.088924, loss1: 0.071045, loss2: 0.017880, nb1: 0.153890
Epoch: 50, batch: 51/60, loss: 0.097130, loss1: 0.079644, loss2: 0.017485, nb1: 0.148441
0.46789089735 0.3799468512038983 0.517766666667
